{"/Users/alexwan/Documents/GitHub/hw5-BochengWan123/hw5/src/App.js": {"path":"/Users/alexwan/Documents/GitHub/hw5-BochengWan123/hw5/src/App.js","statementMap":{"0":{"start":{"line":12,"column":2},"end":{"line":25,"column":4}}},"fnMap":{"0":{"name":"App","decl":{"start":{"line":11,"column":9},"end":{"line":11,"column":12}},"loc":{"start":{"line":11,"column":15},"end":{"line":26,"column":1}},"line":11}},"branchMap":{},"s":{"0":0},"f":{"0":0},"b":{},"hash":"39b0b1d3a45de0061b53ea61492f69e35fca7842"}
,"/Users/alexwan/Documents/GitHub/hw5-BochengWan123/hw5/src/actions.js": {"path":"/Users/alexwan/Documents/GitHub/hw5-BochengWan123/hw5/src/actions.js","statementMap":{"0":{"start":{"line":2,"column":21},"end":{"line":2,"column":28}},"1":{"start":{"line":3,"column":24},"end":{"line":3,"column":34}},"2":{"start":{"line":4,"column":21},"end":{"line":4,"column":29}},"3":{"start":{"line":5,"column":27},"end":{"line":5,"column":40}},"4":{"start":{"line":6,"column":30},"end":{"line":6,"column":46}},"5":{"start":{"line":7,"column":27},"end":{"line":7,"column":40}},"6":{"start":{"line":8,"column":24},"end":{"line":8,"column":34}},"7":{"start":{"line":9,"column":32},"end":{"line":9,"column":50}},"8":{"start":{"line":10,"column":30},"end":{"line":10,"column":46}},"9":{"start":{"line":12,"column":24},"end":{"line":12,"column":10441}},"10":{"start":{"line":13,"column":22},"end":{"line":13,"column":125}},"11":{"start":{"line":15,"column":22},"end":{"line":21,"column":1}},"12":{"start":{"line":16,"column":4},"end":{"line":20,"column":5}},"13":{"start":{"line":23,"column":23},"end":{"line":29,"column":1}},"14":{"start":{"line":24,"column":4},"end":{"line":28,"column":5}},"15":{"start":{"line":31,"column":24},"end":{"line":35,"column":1}},"16":{"start":{"line":32,"column":4},"end":{"line":34,"column":5}},"17":{"start":{"line":37,"column":25},"end":{"line":42,"column":1}},"18":{"start":{"line":38,"column":4},"end":{"line":41,"column":5}},"19":{"start":{"line":44,"column":28},"end":{"line":49,"column":1}},"20":{"start":{"line":45,"column":4},"end":{"line":48,"column":5}},"21":{"start":{"line":51,"column":27},"end":{"line":56,"column":1}},"22":{"start":{"line":52,"column":4},"end":{"line":55,"column":5}},"23":{"start":{"line":58,"column":24},"end":{"line":63,"column":1}},"24":{"start":{"line":59,"column":4},"end":{"line":62,"column":5}},"25":{"start":{"line":65,"column":32},"end":{"line":70,"column":1}},"26":{"start":{"line":66,"column":4},"end":{"line":69,"column":5}},"27":{"start":{"line":72,"column":30},"end":{"line":77,"column":1}},"28":{"start":{"line":73,"column":4},"end":{"line":76,"column":5}}},"fnMap":{"0":{"name":"(anonymous_0)","decl":{"start":{"line":15,"column":22},"end":{"line":15,"column":23}},"loc":{"start":{"line":15,"column":41},"end":{"line":21,"column":1}},"line":15},"1":{"name":"(anonymous_1)","decl":{"start":{"line":23,"column":23},"end":{"line":23,"column":24}},"loc":{"start":{"line":23,"column":42},"end":{"line":29,"column":1}},"line":23},"2":{"name":"(anonymous_2)","decl":{"start":{"line":31,"column":24},"end":{"line":31,"column":25}},"loc":{"start":{"line":31,"column":28},"end":{"line":35,"column":1}},"line":31},"3":{"name":"(anonymous_3)","decl":{"start":{"line":37,"column":25},"end":{"line":37,"column":26}},"loc":{"start":{"line":37,"column":33},"end":{"line":42,"column":1}},"line":37},"4":{"name":"(anonymous_4)","decl":{"start":{"line":44,"column":28},"end":{"line":44,"column":29}},"loc":{"start":{"line":44,"column":40},"end":{"line":49,"column":1}},"line":44},"5":{"name":"(anonymous_5)","decl":{"start":{"line":51,"column":27},"end":{"line":51,"column":28}},"loc":{"start":{"line":51,"column":36},"end":{"line":56,"column":1}},"line":51},"6":{"name":"(anonymous_6)","decl":{"start":{"line":58,"column":24},"end":{"line":58,"column":25}},"loc":{"start":{"line":58,"column":33},"end":{"line":63,"column":1}},"line":58},"7":{"name":"(anonymous_7)","decl":{"start":{"line":65,"column":32},"end":{"line":65,"column":33}},"loc":{"start":{"line":65,"column":45},"end":{"line":70,"column":1}},"line":65},"8":{"name":"(anonymous_8)","decl":{"start":{"line":72,"column":30},"end":{"line":72,"column":31}},"loc":{"start":{"line":72,"column":42},"end":{"line":77,"column":1}},"line":72}},"branchMap":{},"s":{"0":1,"1":1,"2":1,"3":1,"4":1,"5":1,"6":1,"7":1,"8":1,"9":1,"10":1,"11":1,"12":0,"13":1,"14":0,"15":1,"16":0,"17":1,"18":0,"19":1,"20":0,"21":1,"22":0,"23":1,"24":0,"25":1,"26":0,"27":1,"28":0},"f":{"0":0,"1":0,"2":0,"3":0,"4":0,"5":0,"6":0,"7":0,"8":0},"b":{},"_coverageSchema":"43e27e138ebf9cfc5966b082cf9a028302ed4184","hash":"542feeee173492171fe80779f4fadab839bfc4ed"}
,"/Users/alexwan/Documents/GitHub/hw5-BochengWan123/hw5/src/index.js": {"path":"/Users/alexwan/Documents/GitHub/hw5-BochengWan123/hw5/src/index.js","statementMap":{"0":{"start":{"line":10,"column":14},"end":{"line":10,"column":34}},"1":{"start":{"line":12,"column":0},"end":{"line":20,"column":2}}},"fnMap":{},"branchMap":{},"s":{"0":0,"1":0},"f":{},"b":{},"hash":"ac4cf0695fd04e543f0c5c12c7cde154f0b32105"}
,"/Users/alexwan/Documents/GitHub/hw5-BochengWan123/hw5/src/reducers.js": {"path":"/Users/alexwan/Documents/GitHub/hw5-BochengWan123/hw5/src/reducers.js","statementMap":{"0":{"start":{"line":4,"column":20},"end":{"line":16,"column":1}},"1":{"start":{"line":18,"column":12},"end":{"line":18,"column":141}},"2":{"start":{"line":21,"column":4},"end":{"line":61,"column":5}},"3":{"start":{"line":23,"column":12},"end":{"line":23,"column":56}},"4":{"start":{"line":25,"column":12},"end":{"line":25,"column":132}},"5":{"start":{"line":27,"column":12},"end":{"line":27,"column":56}},"6":{"start":{"line":30,"column":12},"end":{"line":37,"column":35}},"7":{"start":{"line":41,"column":12},"end":{"line":41,"column":46}},"8":{"start":{"line":44,"column":12},"end":{"line":44,"column":54}},"9":{"start":{"line":47,"column":12},"end":{"line":47,"column":143}},"10":{"start":{"line":51,"column":12},"end":{"line":51,"column":141}},"11":{"start":{"line":56,"column":12},"end":{"line":56,"column":54}},"12":{"start":{"line":59,"column":12},"end":{"line":59,"column":24}},"13":{"start":{"line":62,"column":4},"end":{"line":62,"column":16}}},"fnMap":{"0":{"name":"Reducer","decl":{"start":{"line":20,"column":16},"end":{"line":20,"column":23}},"loc":{"start":{"line":20,"column":53},"end":{"line":64,"column":1}},"line":20}},"branchMap":{"0":{"loc":{"start":{"line":20,"column":25},"end":{"line":20,"column":44}},"type":"default-arg","locations":[{"start":{"line":20,"column":33},"end":{"line":20,"column":44}}],"line":20},"1":{"loc":{"start":{"line":21,"column":4},"end":{"line":61,"column":5}},"type":"switch","locations":[{"start":{"line":22,"column":8},"end":{"line":23,"column":56}},{"start":{"line":24,"column":8},"end":{"line":25,"column":132}},{"start":{"line":26,"column":8},"end":{"line":27,"column":56}},{"start":{"line":29,"column":8},"end":{"line":37,"column":35}},{"start":{"line":39,"column":8},"end":{"line":41,"column":46}},{"start":{"line":43,"column":8},"end":{"line":44,"column":54}},{"start":{"line":46,"column":8},"end":{"line":47,"column":143}},{"start":{"line":49,"column":8},"end":{"line":51,"column":141}},{"start":{"line":55,"column":8},"end":{"line":56,"column":54}},{"start":{"line":58,"column":8},"end":{"line":59,"column":24}}],"line":21},"2":{"loc":{"start":{"line":25,"column":85},"end":{"line":25,"column":131}},"type":"cond-expr","locations":[{"start":{"line":25,"column":115},"end":{"line":25,"column":121}},{"start":{"line":25,"column":122},"end":{"line":25,"column":131}}],"line":25}},"s":{"0":1,"1":1,"2":6,"3":0,"4":2,"5":0,"6":1,"7":1,"8":0,"9":1,"10":0,"11":0,"12":1,"13":0},"f":{"0":6},"b":{"0":[1],"1":[0,2,0,1,1,0,1,0,0,1],"2":[1,1]},"_coverageSchema":"43e27e138ebf9cfc5966b082cf9a028302ed4184","hash":"5f1e7dcf8e7a53d41b774fb1f34b976156a61292"}
,"/Users/alexwan/Documents/GitHub/hw5-BochengWan123/hw5/src/serviceWorker.js": {"path":"/Users/alexwan/Documents/GitHub/hw5-BochengWan123/hw5/src/serviceWorker.js","statementMap":{"0":{"start":{"line":13,"column":20},"end":{"line":21,"column":1}},"1":{"start":{"line":24,"column":2},"end":{"line":54,"column":3}},"2":{"start":{"line":26,"column":22},"end":{"line":26,"column":75}},"3":{"start":{"line":27,"column":4},"end":{"line":32,"column":5}},"4":{"start":{"line":31,"column":6},"end":{"line":31,"column":13}},"5":{"start":{"line":34,"column":4},"end":{"line":53,"column":7}},"6":{"start":{"line":35,"column":20},"end":{"line":35,"column":65}},"7":{"start":{"line":37,"column":6},"end":{"line":52,"column":7}},"8":{"start":{"line":39,"column":8},"end":{"line":39,"column":47}},"9":{"start":{"line":43,"column":8},"end":{"line":48,"column":11}},"10":{"start":{"line":44,"column":10},"end":{"line":47,"column":12}},"11":{"start":{"line":51,"column":8},"end":{"line":51,"column":39}},"12":{"start":{"line":58,"column":2},"end":{"line":98,"column":7}},"13":{"start":{"line":61,"column":6},"end":{"line":94,"column":8}},"14":{"start":{"line":62,"column":33},"end":{"line":62,"column":56}},"15":{"start":{"line":63,"column":8},"end":{"line":65,"column":9}},"16":{"start":{"line":64,"column":10},"end":{"line":64,"column":17}},"17":{"start":{"line":66,"column":8},"end":{"line":93,"column":10}},"18":{"start":{"line":67,"column":10},"end":{"line":92,"column":11}},"19":{"start":{"line":68,"column":12},"end":{"line":91,"column":13}},"20":{"start":{"line":72,"column":14},"end":{"line":75,"column":16}},"21":{"start":{"line":78,"column":14},"end":{"line":80,"column":15}},"22":{"start":{"line":79,"column":16},"end":{"line":79,"column":46}},"23":{"start":{"line":85,"column":14},"end":{"line":85,"column":64}},"24":{"start":{"line":88,"column":14},"end":{"line":90,"column":15}},"25":{"start":{"line":89,"column":16},"end":{"line":89,"column":47}},"26":{"start":{"line":97,"column":6},"end":{"line":97,"column":72}},"27":{"start":{"line":103,"column":2},"end":{"line":128,"column":7}},"28":{"start":{"line":108,"column":26},"end":{"line":108,"column":62}},"29":{"start":{"line":109,"column":6},"end":{"line":122,"column":7}},"30":{"start":{"line":114,"column":8},"end":{"line":118,"column":11}},"31":{"start":{"line":115,"column":10},"end":{"line":117,"column":13}},"32":{"start":{"line":116,"column":12},"end":{"line":116,"column":37}},"33":{"start":{"line":121,"column":8},"end":{"line":121,"column":39}},"34":{"start":{"line":125,"column":6},"end":{"line":127,"column":8}},"35":{"start":{"line":132,"column":2},"end":{"line":140,"column":3}},"36":{"start":{"line":133,"column":4},"end":{"line":139,"column":9}},"37":{"start":{"line":135,"column":8},"end":{"line":135,"column":34}},"38":{"start":{"line":138,"column":8},"end":{"line":138,"column":37}}},"fnMap":{"0":{"name":"register","decl":{"start":{"line":23,"column":16},"end":{"line":23,"column":24}},"loc":{"start":{"line":23,"column":33},"end":{"line":55,"column":1}},"line":23},"1":{"name":"(anonymous_1)","decl":{"start":{"line":34,"column":36},"end":{"line":34,"column":37}},"loc":{"start":{"line":34,"column":42},"end":{"line":53,"column":5}},"line":34},"2":{"name":"(anonymous_2)","decl":{"start":{"line":43,"column":43},"end":{"line":43,"column":44}},"loc":{"start":{"line":43,"column":49},"end":{"line":48,"column":9}},"line":43},"3":{"name":"registerValidSW","decl":{"start":{"line":57,"column":9},"end":{"line":57,"column":24}},"loc":{"start":{"line":57,"column":40},"end":{"line":99,"column":1}},"line":57},"4":{"name":"(anonymous_4)","decl":{"start":{"line":60,"column":10},"end":{"line":60,"column":11}},"loc":{"start":{"line":60,"column":26},"end":{"line":95,"column":5}},"line":60},"5":{"name":"(anonymous_5)","decl":{"start":{"line":61,"column":35},"end":{"line":61,"column":36}},"loc":{"start":{"line":61,"column":41},"end":{"line":94,"column":7}},"line":61},"6":{"name":"(anonymous_6)","decl":{"start":{"line":66,"column":41},"end":{"line":66,"column":42}},"loc":{"start":{"line":66,"column":47},"end":{"line":93,"column":9}},"line":66},"7":{"name":"(anonymous_7)","decl":{"start":{"line":96,"column":11},"end":{"line":96,"column":12}},"loc":{"start":{"line":96,"column":20},"end":{"line":98,"column":5}},"line":96},"8":{"name":"checkValidServiceWorker","decl":{"start":{"line":101,"column":9},"end":{"line":101,"column":32}},"loc":{"start":{"line":101,"column":48},"end":{"line":129,"column":1}},"line":101},"9":{"name":"(anonymous_9)","decl":{"start":{"line":106,"column":10},"end":{"line":106,"column":11}},"loc":{"start":{"line":106,"column":22},"end":{"line":123,"column":5}},"line":106},"10":{"name":"(anonymous_10)","decl":{"start":{"line":114,"column":43},"end":{"line":114,"column":44}},"loc":{"start":{"line":114,"column":59},"end":{"line":118,"column":9}},"line":114},"11":{"name":"(anonymous_11)","decl":{"start":{"line":115,"column":41},"end":{"line":115,"column":42}},"loc":{"start":{"line":115,"column":47},"end":{"line":117,"column":11}},"line":115},"12":{"name":"(anonymous_12)","decl":{"start":{"line":124,"column":11},"end":{"line":124,"column":12}},"loc":{"start":{"line":124,"column":17},"end":{"line":128,"column":5}},"line":124},"13":{"name":"unregister","decl":{"start":{"line":131,"column":16},"end":{"line":131,"column":26}},"loc":{"start":{"line":131,"column":29},"end":{"line":141,"column":1}},"line":131},"14":{"name":"(anonymous_14)","decl":{"start":{"line":134,"column":12},"end":{"line":134,"column":13}},"loc":{"start":{"line":134,"column":28},"end":{"line":136,"column":7}},"line":134},"15":{"name":"(anonymous_15)","decl":{"start":{"line":137,"column":13},"end":{"line":137,"column":14}},"loc":{"start":{"line":137,"column":22},"end":{"line":139,"column":7}},"line":137}},"branchMap":{"0":{"loc":{"start":{"line":14,"column":2},"end":{"line":20,"column":5}},"type":"binary-expr","locations":[{"start":{"line":14,"column":2},"end":{"line":14,"column":42}},{"start":{"line":16,"column":4},"end":{"line":16,"column":40}},{"start":{"line":18,"column":4},"end":{"line":20,"column":5}}],"line":14},"1":{"loc":{"start":{"line":24,"column":2},"end":{"line":54,"column":3}},"type":"if","locations":[{"start":{"line":24,"column":2},"end":{"line":54,"column":3}},{"start":{"line":24,"column":2},"end":{"line":54,"column":3}}],"line":24},"2":{"loc":{"start":{"line":24,"column":6},"end":{"line":24,"column":75}},"type":"binary-expr","locations":[{"start":{"line":24,"column":6},"end":{"line":24,"column":43}},{"start":{"line":24,"column":47},"end":{"line":24,"column":75}}],"line":24},"3":{"loc":{"start":{"line":27,"column":4},"end":{"line":32,"column":5}},"type":"if","locations":[{"start":{"line":27,"column":4},"end":{"line":32,"column":5}},{"start":{"line":27,"column":4},"end":{"line":32,"column":5}}],"line":27},"4":{"loc":{"start":{"line":37,"column":6},"end":{"line":52,"column":7}},"type":"if","locations":[{"start":{"line":37,"column":6},"end":{"line":52,"column":7}},{"start":{"line":37,"column":6},"end":{"line":52,"column":7}}],"line":37},"5":{"loc":{"start":{"line":63,"column":8},"end":{"line":65,"column":9}},"type":"if","locations":[{"start":{"line":63,"column":8},"end":{"line":65,"column":9}},{"start":{"line":63,"column":8},"end":{"line":65,"column":9}}],"line":63},"6":{"loc":{"start":{"line":67,"column":10},"end":{"line":92,"column":11}},"type":"if","locations":[{"start":{"line":67,"column":10},"end":{"line":92,"column":11}},{"start":{"line":67,"column":10},"end":{"line":92,"column":11}}],"line":67},"7":{"loc":{"start":{"line":68,"column":12},"end":{"line":91,"column":13}},"type":"if","locations":[{"start":{"line":68,"column":12},"end":{"line":91,"column":13}},{"start":{"line":68,"column":12},"end":{"line":91,"column":13}}],"line":68},"8":{"loc":{"start":{"line":78,"column":14},"end":{"line":80,"column":15}},"type":"if","locations":[{"start":{"line":78,"column":14},"end":{"line":80,"column":15}},{"start":{"line":78,"column":14},"end":{"line":80,"column":15}}],"line":78},"9":{"loc":{"start":{"line":78,"column":18},"end":{"line":78,"column":43}},"type":"binary-expr","locations":[{"start":{"line":78,"column":18},"end":{"line":78,"column":24}},{"start":{"line":78,"column":28},"end":{"line":78,"column":43}}],"line":78},"10":{"loc":{"start":{"line":88,"column":14},"end":{"line":90,"column":15}},"type":"if","locations":[{"start":{"line":88,"column":14},"end":{"line":90,"column":15}},{"start":{"line":88,"column":14},"end":{"line":90,"column":15}}],"line":88},"11":{"loc":{"start":{"line":88,"column":18},"end":{"line":88,"column":44}},"type":"binary-expr","locations":[{"start":{"line":88,"column":18},"end":{"line":88,"column":24}},{"start":{"line":88,"column":28},"end":{"line":88,"column":44}}],"line":88},"12":{"loc":{"start":{"line":109,"column":6},"end":{"line":122,"column":7}},"type":"if","locations":[{"start":{"line":109,"column":6},"end":{"line":122,"column":7}},{"start":{"line":109,"column":6},"end":{"line":122,"column":7}}],"line":109},"13":{"loc":{"start":{"line":110,"column":8},"end":{"line":111,"column":73}},"type":"binary-expr","locations":[{"start":{"line":110,"column":8},"end":{"line":110,"column":31}},{"start":{"line":111,"column":9},"end":{"line":111,"column":28}},{"start":{"line":111,"column":32},"end":{"line":111,"column":72}}],"line":110},"14":{"loc":{"start":{"line":132,"column":2},"end":{"line":140,"column":3}},"type":"if","locations":[{"start":{"line":132,"column":2},"end":{"line":140,"column":3}},{"start":{"line":132,"column":2},"end":{"line":140,"column":3}}],"line":132}},"s":{"0":0,"1":0,"2":0,"3":0,"4":0,"5":0,"6":0,"7":0,"8":0,"9":0,"10":0,"11":0,"12":0,"13":0,"14":0,"15":0,"16":0,"17":0,"18":0,"19":0,"20":0,"21":0,"22":0,"23":0,"24":0,"25":0,"26":0,"27":0,"28":0,"29":0,"30":0,"31":0,"32":0,"33":0,"34":0,"35":0,"36":0,"37":0,"38":0},"f":{"0":0,"1":0,"2":0,"3":0,"4":0,"5":0,"6":0,"7":0,"8":0,"9":0,"10":0,"11":0,"12":0,"13":0,"14":0,"15":0},"b":{"0":[0,0,0],"1":[0,0],"2":[0,0],"3":[0,0],"4":[0,0],"5":[0,0],"6":[0,0],"7":[0,0],"8":[0,0],"9":[0,0],"10":[0,0],"11":[0,0],"12":[0,0],"13":[0,0,0],"14":[0,0]},"hash":"4c6b8b446e9ae5b6760cc3f6cb1653e05c39b4e8"}
,"/Users/alexwan/Documents/GitHub/hw5-BochengWan123/hw5/src/Component/Landing/Landing.js": {"path":"/Users/alexwan/Documents/GitHub/hw5-BochengWan123/hw5/src/Component/Landing/Landing.js","statementMap":{"0":{"start":{"line":11,"column":8},"end":{"line":11,"column":21}},"1":{"start":{"line":12,"column":8},"end":{"line":14,"column":9}},"2":{"start":{"line":20,"column":22},"end":{"line":20,"column":103}},"3":{"start":{"line":20,"column":92},"end":{"line":20,"column":102}},"4":{"start":{"line":23,"column":23},"end":{"line":23,"column":25}},"5":{"start":{"line":24,"column":12},"end":{"line":24,"column":101}},"6":{"start":{"line":24,"column":30},"end":{"line":24,"column":98}},"7":{"start":{"line":26,"column":12},"end":{"line":26,"column":42}},"8":{"start":{"line":27,"column":12},"end":{"line":27,"column":40}},"9":{"start":{"line":28,"column":23},"end":{"line":28,"column":104}},"10":{"start":{"line":28,"column":93},"end":{"line":28,"column":103}},"11":{"start":{"line":29,"column":12},"end":{"line":29,"column":37}},"12":{"start":{"line":31,"column":26},"end":{"line":31,"column":110}},"13":{"start":{"line":31,"column":99},"end":{"line":31,"column":109}},"14":{"start":{"line":32,"column":12},"end":{"line":32,"column":43}},"15":{"start":{"line":36,"column":8},"end":{"line":36,"column":15}},"16":{"start":{"line":41,"column":8},"end":{"line":54,"column":9}},"17":{"start":{"line":59,"column":27},"end":{"line":66,"column":1}},"18":{"start":{"line":60,"column":4},"end":{"line":65,"column":5}},"19":{"start":{"line":61,"column":40},"end":{"line":61,"column":77}},"20":{"start":{"line":62,"column":30},"end":{"line":62,"column":57}},"21":{"start":{"line":63,"column":34},"end":{"line":63,"column":67}}},"fnMap":{"0":{"name":"(anonymous_0)","decl":{"start":{"line":10,"column":4},"end":{"line":10,"column":5}},"loc":{"start":{"line":10,"column":23},"end":{"line":15,"column":5}},"line":10},"1":{"name":"(anonymous_1)","decl":{"start":{"line":18,"column":4},"end":{"line":18,"column":5}},"loc":{"start":{"line":18,"column":23},"end":{"line":38,"column":5}},"line":18},"2":{"name":"a","decl":{"start":{"line":19,"column":23},"end":{"line":19,"column":24}},"loc":{"start":{"line":19,"column":28},"end":{"line":35,"column":9}},"line":19},"3":{"name":"(anonymous_3)","decl":{"start":{"line":20,"column":85},"end":{"line":20,"column":86}},"loc":{"start":{"line":20,"column":92},"end":{"line":20,"column":102}},"line":20},"4":{"name":"(anonymous_4)","decl":{"start":{"line":24,"column":27},"end":{"line":24,"column":28}},"loc":{"start":{"line":24,"column":30},"end":{"line":24,"column":98}},"line":24},"5":{"name":"(anonymous_5)","decl":{"start":{"line":28,"column":86},"end":{"line":28,"column":87}},"loc":{"start":{"line":28,"column":93},"end":{"line":28,"column":103}},"line":28},"6":{"name":"(anonymous_6)","decl":{"start":{"line":31,"column":92},"end":{"line":31,"column":93}},"loc":{"start":{"line":31,"column":99},"end":{"line":31,"column":109}},"line":31},"7":{"name":"(anonymous_7)","decl":{"start":{"line":40,"column":4},"end":{"line":40,"column":5}},"loc":{"start":{"line":40,"column":13},"end":{"line":55,"column":5}},"line":40},"8":{"name":"(anonymous_8)","decl":{"start":{"line":59,"column":27},"end":{"line":59,"column":28}},"loc":{"start":{"line":59,"column":41},"end":{"line":66,"column":1}},"line":59},"9":{"name":"(anonymous_9)","decl":{"start":{"line":61,"column":26},"end":{"line":61,"column":27}},"loc":{"start":{"line":61,"column":40},"end":{"line":61,"column":77}},"line":61},"10":{"name":"(anonymous_10)","decl":{"start":{"line":62,"column":21},"end":{"line":62,"column":22}},"loc":{"start":{"line":62,"column":30},"end":{"line":62,"column":57}},"line":62},"11":{"name":"(anonymous_11)","decl":{"start":{"line":63,"column":23},"end":{"line":63,"column":24}},"loc":{"start":{"line":63,"column":34},"end":{"line":63,"column":67}},"line":63}},"branchMap":{},"s":{"0":1,"1":1,"2":1,"3":0,"4":0,"5":0,"6":0,"7":0,"8":0,"9":0,"10":0,"11":0,"12":0,"13":0,"14":0,"15":1,"16":1,"17":1,"18":1,"19":0,"20":0,"21":0},"f":{"0":1,"1":1,"2":1,"3":0,"4":0,"5":0,"6":0,"7":1,"8":1,"9":0,"10":0,"11":0},"b":{},"_coverageSchema":"43e27e138ebf9cfc5966b082cf9a028302ed4184","hash":"1a2f4f48972e1aec3970b69d446aa4fd3291cc32"}
,"/Users/alexwan/Documents/GitHub/hw5-BochengWan123/hw5/src/Component/Landing/Login.js": {"path":"/Users/alexwan/Documents/GitHub/hw5-BochengWan123/hw5/src/Component/Landing/Login.js","statementMap":{"0":{"start":{"line":9,"column":8},"end":{"line":9,"column":21}},"1":{"start":{"line":10,"column":8},"end":{"line":10,"column":57}},"2":{"start":{"line":11,"column":8},"end":{"line":11,"column":31}},"3":{"start":{"line":12,"column":8},"end":{"line":16,"column":9}},"4":{"start":{"line":19,"column":8},"end":{"line":19,"column":27}},"5":{"start":{"line":21,"column":8},"end":{"line":21,"column":31}},"6":{"start":{"line":22,"column":8},"end":{"line":22,"column":65}},"7":{"start":{"line":23,"column":8},"end":{"line":23,"column":60}},"8":{"start":{"line":24,"column":19},"end":{"line":24,"column":39}},"9":{"start":{"line":26,"column":20},"end":{"line":26,"column":88}},"10":{"start":{"line":26,"column":40},"end":{"line":26,"column":86}},"11":{"start":{"line":27,"column":21},"end":{"line":27,"column":65}},"12":{"start":{"line":27,"column":41},"end":{"line":27,"column":63}},"13":{"start":{"line":29,"column":8},"end":{"line":40,"column":9}},"14":{"start":{"line":30,"column":12},"end":{"line":37,"column":13}},"15":{"start":{"line":31,"column":16},"end":{"line":31,"column":60}},"16":{"start":{"line":32,"column":19},"end":{"line":37,"column":13}},"17":{"start":{"line":33,"column":16},"end":{"line":33,"column":63}},"18":{"start":{"line":35,"column":16},"end":{"line":35,"column":57}},"19":{"start":{"line":36,"column":16},"end":{"line":36,"column":48}},"20":{"start":{"line":39,"column":12},"end":{"line":39,"column":76}},"21":{"start":{"line":41,"column":8},"end":{"line":41,"column":55}},"22":{"start":{"line":42,"column":8},"end":{"line":42,"column":32}},"23":{"start":{"line":46,"column":8},"end":{"line":49,"column":9}},"24":{"start":{"line":47,"column":12},"end":{"line":48,"column":40}},"25":{"start":{"line":50,"column":8},"end":{"line":82,"column":9}},"26":{"start":{"line":86,"column":24},"end":{"line":91,"column":1}},"27":{"start":{"line":88,"column":4},"end":{"line":90,"column":5}},"28":{"start":{"line":93,"column":27},"end":{"line":97,"column":1}},"29":{"start":{"line":94,"column":4},"end":{"line":96,"column":5}},"30":{"start":{"line":95,"column":40},"end":{"line":95,"column":76}}},"fnMap":{"0":{"name":"(anonymous_0)","decl":{"start":{"line":8,"column":4},"end":{"line":8,"column":5}},"loc":{"start":{"line":8,"column":23},"end":{"line":17,"column":5}},"line":8},"1":{"name":"(anonymous_1)","decl":{"start":{"line":18,"column":4},"end":{"line":18,"column":5}},"loc":{"start":{"line":18,"column":19},"end":{"line":44,"column":5}},"line":18},"2":{"name":"(anonymous_2)","decl":{"start":{"line":26,"column":30},"end":{"line":26,"column":31}},"loc":{"start":{"line":26,"column":40},"end":{"line":26,"column":86}},"line":26},"3":{"name":"(anonymous_3)","decl":{"start":{"line":27,"column":31},"end":{"line":27,"column":32}},"loc":{"start":{"line":27,"column":41},"end":{"line":27,"column":63}},"line":27},"4":{"name":"(anonymous_4)","decl":{"start":{"line":45,"column":4},"end":{"line":45,"column":5}},"loc":{"start":{"line":45,"column":12},"end":{"line":83,"column":5}},"line":45},"5":{"name":"(anonymous_5)","decl":{"start":{"line":86,"column":24},"end":{"line":86,"column":25}},"loc":{"start":{"line":86,"column":35},"end":{"line":91,"column":1}},"line":86},"6":{"name":"(anonymous_6)","decl":{"start":{"line":93,"column":27},"end":{"line":93,"column":28}},"loc":{"start":{"line":93,"column":41},"end":{"line":97,"column":1}},"line":93},"7":{"name":"(anonymous_7)","decl":{"start":{"line":95,"column":19},"end":{"line":95,"column":20}},"loc":{"start":{"line":95,"column":40},"end":{"line":95,"column":76}},"line":95}},"branchMap":{"0":{"loc":{"start":{"line":26,"column":40},"end":{"line":26,"column":86}},"type":"binary-expr","locations":[{"start":{"line":26,"column":40},"end":{"line":26,"column":62}},{"start":{"line":26,"column":66},"end":{"line":26,"column":86}}],"line":26},"1":{"loc":{"start":{"line":29,"column":8},"end":{"line":40,"column":9}},"type":"if","locations":[{"start":{"line":29,"column":8},"end":{"line":40,"column":9}},{"start":{"line":29,"column":8},"end":{"line":40,"column":9}}],"line":29},"2":{"loc":{"start":{"line":29,"column":11},"end":{"line":29,"column":41}},"type":"binary-expr","locations":[{"start":{"line":29,"column":11},"end":{"line":29,"column":25}},{"start":{"line":29,"column":29},"end":{"line":29,"column":41}}],"line":29},"3":{"loc":{"start":{"line":30,"column":12},"end":{"line":37,"column":13}},"type":"if","locations":[{"start":{"line":30,"column":12},"end":{"line":37,"column":13}},{"start":{"line":30,"column":12},"end":{"line":37,"column":13}}],"line":30},"4":{"loc":{"start":{"line":32,"column":19},"end":{"line":37,"column":13}},"type":"if","locations":[{"start":{"line":32,"column":19},"end":{"line":37,"column":13}},{"start":{"line":32,"column":19},"end":{"line":37,"column":13}}],"line":32},"5":{"loc":{"start":{"line":46,"column":8},"end":{"line":49,"column":9}},"type":"if","locations":[{"start":{"line":46,"column":8},"end":{"line":49,"column":9}},{"start":{"line":46,"column":8},"end":{"line":49,"column":9}}],"line":46},"6":{"loc":{"start":{"line":56,"column":25},"end":{"line":56,"column":116}},"type":"cond-expr","locations":[{"start":{"line":56,"column":53},"end":{"line":56,"column":113}},{"start":{"line":56,"column":114},"end":{"line":56,"column":116}}],"line":56}},"s":{"0":1,"1":1,"2":1,"3":1,"4":0,"5":0,"6":0,"7":0,"8":0,"9":0,"10":0,"11":0,"12":0,"13":0,"14":0,"15":0,"16":0,"17":0,"18":0,"19":0,"20":0,"21":0,"22":0,"23":1,"24":0,"25":1,"26":1,"27":1,"28":1,"29":1,"30":0},"f":{"0":1,"1":0,"2":0,"3":0,"4":1,"5":1,"6":1,"7":0},"b":{"0":[0,0],"1":[0,0],"2":[0,0],"3":[0,0],"4":[0,0],"5":[0,1],"6":[0,1]},"_coverageSchema":"43e27e138ebf9cfc5966b082cf9a028302ed4184","hash":"6bbdbfdfd0876cf30b90179bc3641268fa5eb109"}
,"/Users/alexwan/Documents/GitHub/hw5-BochengWan123/hw5/src/Component/Landing/Registration.js": {"path":"/Users/alexwan/Documents/GitHub/hw5-BochengWan123/hw5/src/Component/Landing/Registration.js","statementMap":{"0":{"start":{"line":10,"column":8},"end":{"line":10,"column":21}},"1":{"start":{"line":11,"column":8},"end":{"line":11,"column":57}},"2":{"start":{"line":12,"column":8},"end":{"line":12,"column":70}},"3":{"start":{"line":13,"column":8},"end":{"line":13,"column":31}},"4":{"start":{"line":14,"column":8},"end":{"line":19,"column":9}},"5":{"start":{"line":24,"column":8},"end":{"line":24,"column":27}},"6":{"start":{"line":25,"column":8},"end":{"line":25,"column":31}},"7":{"start":{"line":26,"column":8},"end":{"line":26,"column":64}},"8":{"start":{"line":27,"column":19},"end":{"line":27,"column":39}},"9":{"start":{"line":28,"column":20},"end":{"line":28,"column":62}},"10":{"start":{"line":28,"column":39},"end":{"line":28,"column":61}},"11":{"start":{"line":29,"column":8},"end":{"line":29,"column":26}},"12":{"start":{"line":37,"column":9},"end":{"line":50,"column":10}},"13":{"start":{"line":38,"column":13},"end":{"line":47,"column":14}},"14":{"start":{"line":42,"column":17},"end":{"line":44,"column":18}},"15":{"start":{"line":43,"column":21},"end":{"line":43,"column":88}},"16":{"start":{"line":46,"column":17},"end":{"line":46,"column":77}},"17":{"start":{"line":49,"column":13},"end":{"line":49,"column":67}},"18":{"start":{"line":51,"column":9},"end":{"line":53,"column":10}},"19":{"start":{"line":52,"column":13},"end":{"line":52,"column":72}},"20":{"start":{"line":54,"column":9},"end":{"line":54,"column":56}},"21":{"start":{"line":58,"column":24},"end":{"line":58,"column":43}},"22":{"start":{"line":59,"column":20},"end":{"line":59,"column":30}},"23":{"start":{"line":60,"column":20},"end":{"line":60,"column":63}},"24":{"start":{"line":61,"column":21},"end":{"line":61,"column":58}},"25":{"start":{"line":62,"column":19},"end":{"line":62,"column":54}},"26":{"start":{"line":64,"column":8},"end":{"line":72,"column":9}},"27":{"start":{"line":65,"column":12},"end":{"line":65,"column":25}},"28":{"start":{"line":66,"column":15},"end":{"line":72,"column":9}},"29":{"start":{"line":67,"column":12},"end":{"line":67,"column":25}},"30":{"start":{"line":68,"column":15},"end":{"line":72,"column":9}},"31":{"start":{"line":69,"column":12},"end":{"line":69,"column":25}},"32":{"start":{"line":71,"column":12},"end":{"line":71,"column":24}},"33":{"start":{"line":78,"column":8},"end":{"line":81,"column":9}},"34":{"start":{"line":79,"column":12},"end":{"line":80,"column":36}},"35":{"start":{"line":82,"column":8},"end":{"line":153,"column":9}},"36":{"start":{"line":158,"column":24},"end":{"line":163,"column":1}},"37":{"start":{"line":160,"column":4},"end":{"line":162,"column":5}},"38":{"start":{"line":164,"column":27},"end":{"line":168,"column":1}},"39":{"start":{"line":165,"column":4},"end":{"line":167,"column":5}},"40":{"start":{"line":166,"column":39},"end":{"line":166,"column":74}}},"fnMap":{"0":{"name":"(anonymous_0)","decl":{"start":{"line":9,"column":4},"end":{"line":9,"column":5}},"loc":{"start":{"line":9,"column":23},"end":{"line":21,"column":5}},"line":9},"1":{"name":"(anonymous_1)","decl":{"start":{"line":23,"column":5},"end":{"line":23,"column":6}},"loc":{"start":{"line":23,"column":20},"end":{"line":55,"column":5}},"line":23},"2":{"name":"(anonymous_2)","decl":{"start":{"line":28,"column":30},"end":{"line":28,"column":31}},"loc":{"start":{"line":28,"column":39},"end":{"line":28,"column":61}},"line":28},"3":{"name":"(anonymous_3)","decl":{"start":{"line":57,"column":4},"end":{"line":57,"column":5}},"loc":{"start":{"line":57,"column":28},"end":{"line":73,"column":5}},"line":57},"4":{"name":"(anonymous_4)","decl":{"start":{"line":77,"column":4},"end":{"line":77,"column":5}},"loc":{"start":{"line":77,"column":12},"end":{"line":154,"column":5}},"line":77},"5":{"name":"(anonymous_5)","decl":{"start":{"line":158,"column":24},"end":{"line":158,"column":25}},"loc":{"start":{"line":158,"column":35},"end":{"line":163,"column":1}},"line":158},"6":{"name":"(anonymous_6)","decl":{"start":{"line":164,"column":27},"end":{"line":164,"column":28}},"loc":{"start":{"line":164,"column":41},"end":{"line":168,"column":1}},"line":164},"7":{"name":"(anonymous_7)","decl":{"start":{"line":166,"column":18},"end":{"line":166,"column":19}},"loc":{"start":{"line":166,"column":39},"end":{"line":166,"column":74}},"line":166}},"branchMap":{"0":{"loc":{"start":{"line":37,"column":9},"end":{"line":50,"column":10}},"type":"if","locations":[{"start":{"line":37,"column":9},"end":{"line":50,"column":10}},{"start":{"line":37,"column":9},"end":{"line":50,"column":10}}],"line":37},"1":{"loc":{"start":{"line":38,"column":13},"end":{"line":47,"column":14}},"type":"if","locations":[{"start":{"line":38,"column":13},"end":{"line":47,"column":14}},{"start":{"line":38,"column":13},"end":{"line":47,"column":14}}],"line":38},"2":{"loc":{"start":{"line":42,"column":17},"end":{"line":44,"column":18}},"type":"if","locations":[{"start":{"line":42,"column":17},"end":{"line":44,"column":18}},{"start":{"line":42,"column":17},"end":{"line":44,"column":18}}],"line":42},"3":{"loc":{"start":{"line":51,"column":9},"end":{"line":53,"column":10}},"type":"if","locations":[{"start":{"line":51,"column":9},"end":{"line":53,"column":10}},{"start":{"line":51,"column":9},"end":{"line":53,"column":10}}],"line":51},"4":{"loc":{"start":{"line":64,"column":8},"end":{"line":72,"column":9}},"type":"if","locations":[{"start":{"line":64,"column":8},"end":{"line":72,"column":9}},{"start":{"line":64,"column":8},"end":{"line":72,"column":9}}],"line":64},"5":{"loc":{"start":{"line":66,"column":15},"end":{"line":72,"column":9}},"type":"if","locations":[{"start":{"line":66,"column":15},"end":{"line":72,"column":9}},{"start":{"line":66,"column":15},"end":{"line":72,"column":9}}],"line":66},"6":{"loc":{"start":{"line":66,"column":19},"end":{"line":66,"column":43}},"type":"binary-expr","locations":[{"start":{"line":66,"column":19},"end":{"line":66,"column":27}},{"start":{"line":66,"column":31},"end":{"line":66,"column":43}}],"line":66},"7":{"loc":{"start":{"line":68,"column":15},"end":{"line":72,"column":9}},"type":"if","locations":[{"start":{"line":68,"column":15},"end":{"line":72,"column":9}},{"start":{"line":68,"column":15},"end":{"line":72,"column":9}}],"line":68},"8":{"loc":{"start":{"line":68,"column":19},"end":{"line":68,"column":58}},"type":"binary-expr","locations":[{"start":{"line":68,"column":19},"end":{"line":68,"column":26}},{"start":{"line":68,"column":30},"end":{"line":68,"column":42}},{"start":{"line":68,"column":46},"end":{"line":68,"column":58}}],"line":68},"9":{"loc":{"start":{"line":78,"column":8},"end":{"line":81,"column":9}},"type":"if","locations":[{"start":{"line":78,"column":8},"end":{"line":81,"column":9}},{"start":{"line":78,"column":8},"end":{"line":81,"column":9}}],"line":78},"10":{"loc":{"start":{"line":88,"column":29},"end":{"line":88,"column":120}},"type":"cond-expr","locations":[{"start":{"line":88,"column":57},"end":{"line":88,"column":117}},{"start":{"line":88,"column":118},"end":{"line":88,"column":120}}],"line":88}},"s":{"0":1,"1":1,"2":1,"3":1,"4":1,"5":0,"6":0,"7":0,"8":0,"9":0,"10":0,"11":0,"12":0,"13":0,"14":0,"15":0,"16":0,"17":0,"18":0,"19":0,"20":0,"21":0,"22":0,"23":0,"24":0,"25":0,"26":0,"27":0,"28":0,"29":0,"30":0,"31":0,"32":0,"33":1,"34":0,"35":1,"36":1,"37":1,"38":1,"39":1,"40":0},"f":{"0":1,"1":0,"2":0,"3":0,"4":1,"5":1,"6":1,"7":0},"b":{"0":[0,0],"1":[0,0],"2":[0,0],"3":[0,0],"4":[0,0],"5":[0,0],"6":[0,0],"7":[0,0],"8":[0,0,0],"9":[0,1],"10":[0,1]},"_coverageSchema":"43e27e138ebf9cfc5966b082cf9a028302ed4184","hash":"21bb001693ab986fa9c5e150f4611415797e863c"}
,"/Users/alexwan/Documents/GitHub/hw5-BochengWan123/hw5/src/Component/Main/Main.js": {"path":"/Users/alexwan/Documents/GitHub/hw5-BochengWan123/hw5/src/Component/Main/Main.js","statementMap":{"0":{"start":{"line":13,"column":8},"end":{"line":13,"column":21}},"1":{"start":{"line":14,"column":8},"end":{"line":14,"column":59}},"2":{"start":{"line":15,"column":8},"end":{"line":15,"column":57}},"3":{"start":{"line":16,"column":8},"end":{"line":16,"column":61}},"4":{"start":{"line":17,"column":8},"end":{"line":17,"column":55}},"5":{"start":{"line":18,"column":8},"end":{"line":18,"column":53}},"6":{"start":{"line":19,"column":8},"end":{"line":19,"column":55}},"7":{"start":{"line":20,"column":8},"end":{"line":20,"column":61}},"8":{"start":{"line":21,"column":8},"end":{"line":21,"column":59}},"9":{"start":{"line":22,"column":8},"end":{"line":22,"column":63}},"10":{"start":{"line":23,"column":8},"end":{"line":23,"column":53}},"11":{"start":{"line":24,"column":8},"end":{"line":24,"column":45}},"12":{"start":{"line":28,"column":8},"end":{"line":40,"column":9}},"13":{"start":{"line":41,"column":8},"end":{"line":41,"column":29}},"14":{"start":{"line":42,"column":19},"end":{"line":42,"column":39}},"15":{"start":{"line":43,"column":8},"end":{"line":43,"column":73}},"16":{"start":{"line":43,"column":42},"end":{"line":43,"column":72}},"17":{"start":{"line":44,"column":8},"end":{"line":48,"column":9}},"18":{"start":{"line":45,"column":12},"end":{"line":45,"column":32}},"19":{"start":{"line":47,"column":12},"end":{"line":47,"column":46}},"20":{"start":{"line":57,"column":20},"end":{"line":65,"column":21}},"21":{"start":{"line":58,"column":20},"end":{"line":58,"column":59}},"22":{"start":{"line":59,"column":20},"end":{"line":64,"column":25}},"23":{"start":{"line":61,"column":24},"end":{"line":61,"column":79}},"24":{"start":{"line":62,"column":24},"end":{"line":62,"column":58}},"25":{"start":{"line":66,"column":12},"end":{"line":66,"column":30}},"26":{"start":{"line":71,"column":12},"end":{"line":71,"column":31}},"27":{"start":{"line":72,"column":28},"end":{"line":72,"column":49}},"28":{"start":{"line":75,"column":32},"end":{"line":75,"column":55}},"29":{"start":{"line":76,"column":12},"end":{"line":76,"column":64}},"30":{"start":{"line":78,"column":12},"end":{"line":78,"column":55}},"31":{"start":{"line":84,"column":24},"end":{"line":84,"column":26}},"32":{"start":{"line":85,"column":24},"end":{"line":85,"column":26}},"33":{"start":{"line":86,"column":23},"end":{"line":86,"column":44}},"34":{"start":{"line":87,"column":28},"end":{"line":87,"column":48}},"35":{"start":{"line":88,"column":26},"end":{"line":88,"column":43}},"36":{"start":{"line":89,"column":12},"end":{"line":98,"column":15}},"37":{"start":{"line":90,"column":24},"end":{"line":90,"column":28}},"38":{"start":{"line":91,"column":29},"end":{"line":91,"column":76}},"39":{"start":{"line":91,"column":54},"end":{"line":91,"column":74}},"40":{"start":{"line":92,"column":29},"end":{"line":92,"column":47}},"41":{"start":{"line":93,"column":31},"end":{"line":93,"column":55}},"42":{"start":{"line":94,"column":16},"end":{"line":97,"column":17}},"43":{"start":{"line":95,"column":20},"end":{"line":95,"column":34}},"44":{"start":{"line":96,"column":20},"end":{"line":96,"column":56}},"45":{"start":{"line":99,"column":32},"end":{"line":99,"column":67}},"46":{"start":{"line":100,"column":12},"end":{"line":100,"column":55}},"47":{"start":{"line":101,"column":12},"end":{"line":101,"column":44}},"48":{"start":{"line":106,"column":27},"end":{"line":106,"column":29}},"49":{"start":{"line":107,"column":28},"end":{"line":107,"column":30}},"50":{"start":{"line":110,"column":16},"end":{"line":118,"column":18}},"51":{"start":{"line":111,"column":28},"end":{"line":111,"column":32}},"52":{"start":{"line":112,"column":20},"end":{"line":117,"column":21}},"53":{"start":{"line":113,"column":24},"end":{"line":113,"column":37}},"54":{"start":{"line":114,"column":35},"end":{"line":114,"column":68}},"55":{"start":{"line":114,"column":54},"end":{"line":114,"column":67}},"56":{"start":{"line":115,"column":24},"end":{"line":115,"column":43}},"57":{"start":{"line":120,"column":12},"end":{"line":128,"column":13}},"58":{"start":{"line":121,"column":24},"end":{"line":121,"column":25}},"59":{"start":{"line":122,"column":16},"end":{"line":127,"column":17}},"60":{"start":{"line":123,"column":20},"end":{"line":123,"column":38}},"61":{"start":{"line":124,"column":20},"end":{"line":124,"column":33}},"62":{"start":{"line":125,"column":31},"end":{"line":125,"column":80}},"63":{"start":{"line":125,"column":66},"end":{"line":125,"column":79}},"64":{"start":{"line":126,"column":20},"end":{"line":126,"column":39}},"65":{"start":{"line":129,"column":16},"end":{"line":129,"column":50}},"66":{"start":{"line":133,"column":12},"end":{"line":133,"column":31}},"67":{"start":{"line":134,"column":25},"end":{"line":134,"column":67}},"68":{"start":{"line":135,"column":24},"end":{"line":135,"column":64}},"69":{"start":{"line":136,"column":23},"end":{"line":136,"column":47}},"70":{"start":{"line":137,"column":23},"end":{"line":137,"column":58}},"71":{"start":{"line":138,"column":12},"end":{"line":138,"column":92}},"72":{"start":{"line":139,"column":12},"end":{"line":139,"column":43}},"73":{"start":{"line":140,"column":12},"end":{"line":140,"column":58}},"74":{"start":{"line":141,"column":12},"end":{"line":141,"column":56}},"75":{"start":{"line":146,"column":12},"end":{"line":146,"column":31}},"76":{"start":{"line":147,"column":23},"end":{"line":147,"column":113}},"77":{"start":{"line":148,"column":12},"end":{"line":148,"column":41}},"78":{"start":{"line":149,"column":12},"end":{"line":149,"column":45}},"79":{"start":{"line":153,"column":12},"end":{"line":153,"column":31}},"80":{"start":{"line":154,"column":12},"end":{"line":154,"column":36}},"81":{"start":{"line":155,"column":12},"end":{"line":155,"column":44}},"82":{"start":{"line":160,"column":12},"end":{"line":160,"column":31}},"83":{"start":{"line":161,"column":27},"end":{"line":161,"column":72}},"84":{"start":{"line":162,"column":12},"end":{"line":162,"column":48}},"85":{"start":{"line":164,"column":16},"end":{"line":164,"column":51}},"86":{"start":{"line":168,"column":12},"end":{"line":168,"column":60}},"87":{"start":{"line":169,"column":12},"end":{"line":169,"column":63}},"88":{"start":{"line":175,"column":12},"end":{"line":175,"column":31}},"89":{"start":{"line":176,"column":12},"end":{"line":176,"column":58}},"90":{"start":{"line":177,"column":12},"end":{"line":177,"column":60}},"91":{"start":{"line":181,"column":12},"end":{"line":181,"column":31}},"92":{"start":{"line":182,"column":12},"end":{"line":182,"column":34}},"93":{"start":{"line":183,"column":20},"end":{"line":183,"column":62}},"94":{"start":{"line":184,"column":26},"end":{"line":184,"column":75}},"95":{"start":{"line":184,"column":61},"end":{"line":184,"column":74}},"96":{"start":{"line":185,"column":12},"end":{"line":194,"column":13}},"97":{"start":{"line":186,"column":27},"end":{"line":186,"column":53}},"98":{"start":{"line":187,"column":16},"end":{"line":187,"column":70}},"99":{"start":{"line":188,"column":16},"end":{"line":188,"column":50}},"100":{"start":{"line":189,"column":16},"end":{"line":189,"column":64}},"101":{"start":{"line":190,"column":19},"end":{"line":194,"column":13}},"102":{"start":{"line":191,"column":16},"end":{"line":191,"column":75}},"103":{"start":{"line":192,"column":19},"end":{"line":194,"column":13}},"104":{"start":{"line":193,"column":16},"end":{"line":193,"column":59}},"105":{"start":{"line":195,"column":12},"end":{"line":195,"column":59}},"106":{"start":{"line":196,"column":12},"end":{"line":196,"column":67}},"107":{"start":{"line":196,"column":28},"end":{"line":196,"column":61}},"108":{"start":{"line":201,"column":12},"end":{"line":201,"column":30}},"109":{"start":{"line":202,"column":23},"end":{"line":202,"column":49}},"110":{"start":{"line":203,"column":27},"end":{"line":203,"column":52}},"111":{"start":{"line":204,"column":12},"end":{"line":204,"column":36}},"112":{"start":{"line":205,"column":12},"end":{"line":205,"column":46}},"113":{"start":{"line":206,"column":12},"end":{"line":206,"column":67}},"114":{"start":{"line":206,"column":28},"end":{"line":206,"column":61}},"115":{"start":{"line":210,"column":12},"end":{"line":210,"column":35}},"116":{"start":{"line":212,"column":23},"end":{"line":212,"column":25}},"117":{"start":{"line":213,"column":12},"end":{"line":217,"column":14}},"118":{"start":{"line":214,"column":16},"end":{"line":216,"column":17}},"119":{"start":{"line":215,"column":20},"end":{"line":215,"column":36}},"120":{"start":{"line":218,"column":12},"end":{"line":218,"column":48}},"121":{"start":{"line":218,"column":39},"end":{"line":218,"column":47}},"122":{"start":{"line":219,"column":12},"end":{"line":219,"column":48}},"123":{"start":{"line":226,"column":12},"end":{"line":232,"column":13}},"124":{"start":{"line":227,"column":16},"end":{"line":231,"column":17}},"125":{"start":{"line":234,"column":12},"end":{"line":238,"column":13}},"126":{"start":{"line":235,"column":16},"end":{"line":237,"column":17}},"127":{"start":{"line":240,"column":12},"end":{"line":394,"column":13}},"128":{"start":{"line":321,"column":36},"end":{"line":324,"column":42}},"129":{"start":{"line":335,"column":36},"end":{"line":344,"column":42}},"130":{"start":{"line":363,"column":36},"end":{"line":384,"column":41}},"131":{"start":{"line":374,"column":56},"end":{"line":377,"column":62}},"132":{"start":{"line":401,"column":24},"end":{"line":413,"column":1}},"133":{"start":{"line":403,"column":4},"end":{"line":412,"column":5}},"134":{"start":{"line":415,"column":27},"end":{"line":423,"column":1}},"135":{"start":{"line":416,"column":4},"end":{"line":422,"column":5}},"136":{"start":{"line":418,"column":25},"end":{"line":418,"column":47}},"137":{"start":{"line":419,"column":35},"end":{"line":419,"column":69}},"138":{"start":{"line":420,"column":30},"end":{"line":420,"column":58}}},"fnMap":{"0":{"name":"(anonymous_0)","decl":{"start":{"line":12,"column":4},"end":{"line":12,"column":5}},"loc":{"start":{"line":12,"column":23},"end":{"line":50,"column":9}},"line":12},"1":{"name":"(anonymous_1)","decl":{"start":{"line":43,"column":33},"end":{"line":43,"column":34}},"loc":{"start":{"line":43,"column":42},"end":{"line":43,"column":72}},"line":43},"2":{"name":"(anonymous_2)","decl":{"start":{"line":54,"column":8},"end":{"line":54,"column":9}},"loc":{"start":{"line":55,"column":8},"end":{"line":68,"column":9}},"line":55},"3":{"name":"(anonymous_3)","decl":{"start":{"line":57,"column":20},"end":{"line":57,"column":21}},"loc":{"start":{"line":57,"column":26},"end":{"line":65,"column":21}},"line":57},"4":{"name":"(anonymous_4)","decl":{"start":{"line":70,"column":8},"end":{"line":70,"column":9}},"loc":{"start":{"line":70,"column":25},"end":{"line":81,"column":9}},"line":70},"5":{"name":"(anonymous_5)","decl":{"start":{"line":83,"column":8},"end":{"line":83,"column":9}},"loc":{"start":{"line":83,"column":25},"end":{"line":103,"column":9}},"line":83},"6":{"name":"(anonymous_6)","decl":{"start":{"line":89,"column":25},"end":{"line":89,"column":26}},"loc":{"start":{"line":89,"column":36},"end":{"line":98,"column":13}},"line":89},"7":{"name":"(anonymous_7)","decl":{"start":{"line":91,"column":44},"end":{"line":91,"column":45}},"loc":{"start":{"line":91,"column":54},"end":{"line":91,"column":74}},"line":91},"8":{"name":"(anonymous_8)","decl":{"start":{"line":105,"column":8},"end":{"line":105,"column":9}},"loc":{"start":{"line":105,"column":27},"end":{"line":130,"column":9}},"line":105},"9":{"name":"(anonymous_9)","decl":{"start":{"line":110,"column":29},"end":{"line":110,"column":30}},"loc":{"start":{"line":110,"column":40},"end":{"line":118,"column":17}},"line":110},"10":{"name":"(anonymous_10)","decl":{"start":{"line":114,"column":45},"end":{"line":114,"column":46}},"loc":{"start":{"line":114,"column":54},"end":{"line":114,"column":67}},"line":114},"11":{"name":"(anonymous_11)","decl":{"start":{"line":125,"column":57},"end":{"line":125,"column":58}},"loc":{"start":{"line":125,"column":66},"end":{"line":125,"column":79}},"line":125},"12":{"name":"(anonymous_12)","decl":{"start":{"line":132,"column":8},"end":{"line":132,"column":9}},"loc":{"start":{"line":132,"column":21},"end":{"line":143,"column":9}},"line":132},"13":{"name":"(anonymous_13)","decl":{"start":{"line":144,"column":8},"end":{"line":144,"column":9}},"loc":{"start":{"line":145,"column":8},"end":{"line":150,"column":9}},"line":145},"14":{"name":"(anonymous_14)","decl":{"start":{"line":151,"column":8},"end":{"line":151,"column":9}},"loc":{"start":{"line":152,"column":8},"end":{"line":156,"column":9}},"line":152},"15":{"name":"(anonymous_15)","decl":{"start":{"line":158,"column":8},"end":{"line":158,"column":9}},"loc":{"start":{"line":159,"column":8},"end":{"line":171,"column":9}},"line":159},"16":{"name":"(anonymous_16)","decl":{"start":{"line":173,"column":8},"end":{"line":173,"column":9}},"loc":{"start":{"line":174,"column":8},"end":{"line":178,"column":9}},"line":174},"17":{"name":"(anonymous_17)","decl":{"start":{"line":180,"column":8},"end":{"line":180,"column":9}},"loc":{"start":{"line":180,"column":24},"end":{"line":198,"column":9}},"line":180},"18":{"name":"(anonymous_18)","decl":{"start":{"line":184,"column":52},"end":{"line":184,"column":53}},"loc":{"start":{"line":184,"column":61},"end":{"line":184,"column":74}},"line":184},"19":{"name":"(anonymous_19)","decl":{"start":{"line":196,"column":23},"end":{"line":196,"column":24}},"loc":{"start":{"line":196,"column":27},"end":{"line":196,"column":62}},"line":196},"20":{"name":"(anonymous_20)","decl":{"start":{"line":200,"column":8},"end":{"line":200,"column":9}},"loc":{"start":{"line":200,"column":26},"end":{"line":207,"column":9}},"line":200},"21":{"name":"(anonymous_21)","decl":{"start":{"line":206,"column":23},"end":{"line":206,"column":24}},"loc":{"start":{"line":206,"column":27},"end":{"line":206,"column":62}},"line":206},"22":{"name":"(anonymous_22)","decl":{"start":{"line":209,"column":8},"end":{"line":209,"column":9}},"loc":{"start":{"line":209,"column":21},"end":{"line":221,"column":9}},"line":209},"23":{"name":"(anonymous_23)","decl":{"start":{"line":213,"column":40},"end":{"line":213,"column":41}},"loc":{"start":{"line":213,"column":51},"end":{"line":217,"column":13}},"line":213},"24":{"name":"(anonymous_24)","decl":{"start":{"line":224,"column":8},"end":{"line":224,"column":9}},"loc":{"start":{"line":225,"column":8},"end":{"line":396,"column":9}},"line":225},"25":{"name":"(anonymous_25)","decl":{"start":{"line":320,"column":96},"end":{"line":320,"column":97}},"loc":{"start":{"line":321,"column":36},"end":{"line":324,"column":42}},"line":321},"26":{"name":"(anonymous_26)","decl":{"start":{"line":334,"column":59},"end":{"line":334,"column":60}},"loc":{"start":{"line":335,"column":36},"end":{"line":344,"column":42}},"line":335},"27":{"name":"(anonymous_27)","decl":{"start":{"line":362,"column":57},"end":{"line":362,"column":58}},"loc":{"start":{"line":363,"column":36},"end":{"line":384,"column":41}},"line":363},"28":{"name":"(anonymous_28)","decl":{"start":{"line":373,"column":110},"end":{"line":373,"column":111}},"loc":{"start":{"line":374,"column":56},"end":{"line":377,"column":62}},"line":374},"29":{"name":"(anonymous_29)","decl":{"start":{"line":401,"column":24},"end":{"line":401,"column":25}},"loc":{"start":{"line":401,"column":35},"end":{"line":413,"column":1}},"line":401},"30":{"name":"(anonymous_30)","decl":{"start":{"line":415,"column":27},"end":{"line":415,"column":28}},"loc":{"start":{"line":415,"column":41},"end":{"line":423,"column":1}},"line":415},"31":{"name":"(anonymous_31)","decl":{"start":{"line":418,"column":20},"end":{"line":418,"column":21}},"loc":{"start":{"line":418,"column":25},"end":{"line":418,"column":47}},"line":418},"32":{"name":"(anonymous_32)","decl":{"start":{"line":419,"column":23},"end":{"line":419,"column":24}},"loc":{"start":{"line":419,"column":35},"end":{"line":419,"column":69}},"line":419},"33":{"name":"(anonymous_33)","decl":{"start":{"line":420,"column":21},"end":{"line":420,"column":22}},"loc":{"start":{"line":420,"column":30},"end":{"line":420,"column":58}},"line":420}},"branchMap":{"0":{"loc":{"start":{"line":35,"column":22},"end":{"line":35,"column":131}},"type":"cond-expr","locations":[{"start":{"line":35,"column":72},"end":{"line":35,"column":91}},{"start":{"line":35,"column":92},"end":{"line":35,"column":131}}],"line":35},"1":{"loc":{"start":{"line":44,"column":8},"end":{"line":48,"column":9}},"type":"if","locations":[{"start":{"line":44,"column":8},"end":{"line":48,"column":9}},{"start":{"line":44,"column":8},"end":{"line":48,"column":9}}],"line":44},"2":{"loc":{"start":{"line":59,"column":20},"end":{"line":64,"column":25}},"type":"if","locations":[{"start":{"line":59,"column":20},"end":{"line":64,"column":25}},{"start":{"line":59,"column":20},"end":{"line":64,"column":25}}],"line":59},"3":{"loc":{"start":{"line":94,"column":16},"end":{"line":97,"column":17}},"type":"if","locations":[{"start":{"line":94,"column":16},"end":{"line":97,"column":17}},{"start":{"line":94,"column":16},"end":{"line":97,"column":17}}],"line":94},"4":{"loc":{"start":{"line":94,"column":19},"end":{"line":94,"column":61}},"type":"binary-expr","locations":[{"start":{"line":94,"column":19},"end":{"line":94,"column":37}},{"start":{"line":94,"column":42},"end":{"line":94,"column":48}},{"start":{"line":94,"column":52},"end":{"line":94,"column":60}}],"line":94},"5":{"loc":{"start":{"line":112,"column":20},"end":{"line":117,"column":21}},"type":"if","locations":[{"start":{"line":112,"column":20},"end":{"line":117,"column":21}},{"start":{"line":112,"column":20},"end":{"line":117,"column":21}}],"line":112},"6":{"loc":{"start":{"line":112,"column":24},"end":{"line":112,"column":81}},"type":"binary-expr","locations":[{"start":{"line":112,"column":24},"end":{"line":112,"column":41}},{"start":{"line":112,"column":44},"end":{"line":112,"column":50}},{"start":{"line":112,"column":54},"end":{"line":112,"column":72}},{"start":{"line":112,"column":76},"end":{"line":112,"column":80}}],"line":112},"7":{"loc":{"start":{"line":120,"column":12},"end":{"line":128,"column":13}},"type":"if","locations":[{"start":{"line":120,"column":12},"end":{"line":128,"column":13}},{"start":{"line":120,"column":12},"end":{"line":128,"column":13}}],"line":120},"8":{"loc":{"start":{"line":185,"column":12},"end":{"line":194,"column":13}},"type":"if","locations":[{"start":{"line":185,"column":12},"end":{"line":194,"column":13}},{"start":{"line":185,"column":12},"end":{"line":194,"column":13}}],"line":185},"9":{"loc":{"start":{"line":185,"column":15},"end":{"line":185,"column":109}},"type":"binary-expr","locations":[{"start":{"line":185,"column":15},"end":{"line":185,"column":20}},{"start":{"line":185,"column":24},"end":{"line":185,"column":58}},{"start":{"line":185,"column":62},"end":{"line":185,"column":82}},{"start":{"line":185,"column":86},"end":{"line":185,"column":109}}],"line":185},"10":{"loc":{"start":{"line":190,"column":19},"end":{"line":194,"column":13}},"type":"if","locations":[{"start":{"line":190,"column":19},"end":{"line":194,"column":13}},{"start":{"line":190,"column":19},"end":{"line":194,"column":13}}],"line":190},"11":{"loc":{"start":{"line":190,"column":23},"end":{"line":190,"column":82}},"type":"binary-expr","locations":[{"start":{"line":190,"column":23},"end":{"line":190,"column":56}},{"start":{"line":190,"column":60},"end":{"line":190,"column":82}}],"line":190},"12":{"loc":{"start":{"line":192,"column":19},"end":{"line":194,"column":13}},"type":"if","locations":[{"start":{"line":192,"column":19},"end":{"line":194,"column":13}},{"start":{"line":192,"column":19},"end":{"line":194,"column":13}}],"line":192},"13":{"loc":{"start":{"line":214,"column":16},"end":{"line":216,"column":17}},"type":"if","locations":[{"start":{"line":214,"column":16},"end":{"line":216,"column":17}},{"start":{"line":214,"column":16},"end":{"line":216,"column":17}}],"line":214},"14":{"loc":{"start":{"line":214,"column":20},"end":{"line":214,"column":96}},"type":"binary-expr","locations":[{"start":{"line":214,"column":20},"end":{"line":214,"column":57}},{"start":{"line":214,"column":61},"end":{"line":214,"column":96}}],"line":214},"15":{"loc":{"start":{"line":218,"column":12},"end":{"line":218,"column":48}},"type":"if","locations":[{"start":{"line":218,"column":12},"end":{"line":218,"column":48}},{"start":{"line":218,"column":12},"end":{"line":218,"column":48}}],"line":218},"16":{"loc":{"start":{"line":226,"column":12},"end":{"line":232,"column":13}},"type":"if","locations":[{"start":{"line":226,"column":12},"end":{"line":232,"column":13}},{"start":{"line":226,"column":12},"end":{"line":232,"column":13}}],"line":226},"17":{"loc":{"start":{"line":234,"column":12},"end":{"line":238,"column":13}},"type":"if","locations":[{"start":{"line":234,"column":12},"end":{"line":238,"column":13}},{"start":{"line":234,"column":12},"end":{"line":238,"column":13}}],"line":234},"18":{"loc":{"start":{"line":320,"column":33},"end":{"line":324,"column":43}},"type":"cond-expr","locations":[{"start":{"line":320,"column":64},"end":{"line":320,"column":66}},{"start":{"line":320,"column":67},"end":{"line":324,"column":43}}],"line":320},"19":{"loc":{"start":{"line":333,"column":33},"end":{"line":333,"column":157}},"type":"cond-expr","locations":[{"start":{"line":333,"column":61},"end":{"line":333,"column":154}},{"start":{"line":333,"column":155},"end":{"line":333,"column":157}}],"line":333},"20":{"loc":{"start":{"line":339,"column":85},"end":{"line":339,"column":154}},"type":"cond-expr","locations":[{"start":{"line":339,"column":116},"end":{"line":339,"column":130}},{"start":{"line":339,"column":131},"end":{"line":339,"column":154}}],"line":339},"21":{"loc":{"start":{"line":368,"column":107},"end":{"line":368,"column":164}},"type":"cond-expr","locations":[{"start":{"line":368,"column":133},"end":{"line":368,"column":135}},{"start":{"line":368,"column":138},"end":{"line":368,"column":163}}],"line":368},"22":{"loc":{"start":{"line":371,"column":45},"end":{"line":380,"column":55}},"type":"cond-expr","locations":[{"start":{"line":372,"column":48},"end":{"line":379,"column":54}},{"start":{"line":380,"column":53},"end":{"line":380,"column":55}}],"line":371}},"s":{"0":2,"1":2,"2":2,"3":2,"4":2,"5":2,"6":2,"7":2,"8":2,"9":2,"10":2,"11":2,"12":2,"13":2,"14":2,"15":2,"16":0,"17":2,"18":2,"19":0,"20":2,"21":0,"22":0,"23":0,"24":0,"25":2,"26":0,"27":0,"28":0,"29":0,"30":0,"31":0,"32":0,"33":0,"34":0,"35":0,"36":0,"37":0,"38":0,"39":0,"40":0,"41":0,"42":0,"43":0,"44":0,"45":0,"46":0,"47":0,"48":0,"49":0,"50":0,"51":0,"52":0,"53":0,"54":0,"55":0,"56":0,"57":0,"58":0,"59":0,"60":0,"61":0,"62":0,"63":0,"64":0,"65":0,"66":0,"67":0,"68":0,"69":0,"70":0,"71":0,"72":0,"73":0,"74":0,"75":0,"76":0,"77":0,"78":0,"79":0,"80":0,"81":0,"82":0,"83":0,"84":0,"85":0,"86":0,"87":0,"88":0,"89":0,"90":0,"91":0,"92":0,"93":0,"94":0,"95":0,"96":0,"97":0,"98":0,"99":0,"100":0,"101":0,"102":0,"103":0,"104":0,"105":0,"106":0,"107":0,"108":0,"109":0,"110":0,"111":0,"112":0,"113":0,"114":0,"115":0,"116":0,"117":0,"118":0,"119":0,"120":0,"121":0,"122":0,"123":2,"124":0,"125":2,"126":0,"127":2,"128":0,"129":0,"130":0,"131":0,"132":1,"133":2,"134":1,"135":2,"136":0,"137":0,"138":0},"f":{"0":2,"1":0,"2":2,"3":0,"4":0,"5":0,"6":0,"7":0,"8":0,"9":0,"10":0,"11":0,"12":0,"13":0,"14":0,"15":0,"16":0,"17":0,"18":0,"19":0,"20":0,"21":0,"22":0,"23":0,"24":2,"25":0,"26":0,"27":0,"28":0,"29":2,"30":2,"31":0,"32":0,"33":0},"b":{"0":[2,0],"1":[2,0],"2":[0,0],"3":[0,0],"4":[0,0,0],"5":[0,0],"6":[0,0,0,0],"7":[0,0],"8":[0,0],"9":[0,0,0,0],"10":[0,0],"11":[0,0],"12":[0,0],"13":[0,0],"14":[0,0],"15":[0,0],"16":[0,2],"17":[0,2],"18":[0,2],"19":[0,2],"20":[0,0],"21":[0,0],"22":[0,0]},"_coverageSchema":"43e27e138ebf9cfc5966b082cf9a028302ed4184","hash":"99442dec99b5d2ac13b1812f85303a936a52b0d2"}
,"/Users/alexwan/Documents/GitHub/hw5-BochengWan123/hw5/src/Component/Profile/Profile.js": {"path":"/Users/alexwan/Documents/GitHub/hw5-BochengWan123/hw5/src/Component/Profile/Profile.js","statementMap":{"0":{"start":{"line":10,"column":8},"end":{"line":10,"column":21}},"1":{"start":{"line":11,"column":8},"end":{"line":11,"column":57}},"2":{"start":{"line":12,"column":8},"end":{"line":12,"column":53}},"3":{"start":{"line":13,"column":8},"end":{"line":13,"column":89}},"4":{"start":{"line":13,"column":58},"end":{"line":13,"column":88}},"5":{"start":{"line":14,"column":8},"end":{"line":18,"column":9}},"6":{"start":{"line":15,"column":12},"end":{"line":15,"column":108}},"7":{"start":{"line":17,"column":12},"end":{"line":17,"column":30}},"8":{"start":{"line":20,"column":8},"end":{"line":26,"column":9}},"9":{"start":{"line":32,"column":8},"end":{"line":32,"column":27}},"10":{"start":{"line":33,"column":8},"end":{"line":33,"column":32}},"11":{"start":{"line":34,"column":20},"end":{"line":34,"column":105}},"12":{"start":{"line":36,"column":8},"end":{"line":36,"column":35}},"13":{"start":{"line":38,"column":8},"end":{"line":38,"column":37}},"14":{"start":{"line":42,"column":8},"end":{"line":42,"column":27}},"15":{"start":{"line":43,"column":19},"end":{"line":43,"column":58}},"16":{"start":{"line":44,"column":17},"end":{"line":44,"column":51}},"17":{"start":{"line":45,"column":17},"end":{"line":45,"column":49}},"18":{"start":{"line":46,"column":17},"end":{"line":46,"column":52}},"19":{"start":{"line":47,"column":17},"end":{"line":47,"column":49}},"20":{"start":{"line":48,"column":19},"end":{"line":48,"column":43}},"21":{"start":{"line":49,"column":8},"end":{"line":49,"column":65}},"22":{"start":{"line":49,"column":30},"end":{"line":49,"column":64}},"23":{"start":{"line":50,"column":8},"end":{"line":50,"column":63}},"24":{"start":{"line":50,"column":28},"end":{"line":50,"column":62}},"25":{"start":{"line":51,"column":8},"end":{"line":51,"column":64}},"26":{"start":{"line":52,"column":8},"end":{"line":52,"column":68}},"27":{"start":{"line":53,"column":8},"end":{"line":53,"column":62}},"28":{"start":{"line":54,"column":8},"end":{"line":54,"column":39}},"29":{"start":{"line":55,"column":8},"end":{"line":55,"column":24}},"30":{"start":{"line":56,"column":8},"end":{"line":56,"column":22}},"31":{"start":{"line":57,"column":8},"end":{"line":57,"column":22}},"32":{"start":{"line":58,"column":8},"end":{"line":58,"column":22}},"33":{"start":{"line":59,"column":8},"end":{"line":59,"column":21}},"34":{"start":{"line":62,"column":8},"end":{"line":68,"column":9}},"35":{"start":{"line":63,"column":12},"end":{"line":67,"column":13}},"36":{"start":{"line":69,"column":8},"end":{"line":176,"column":9}},"37":{"start":{"line":181,"column":24},"end":{"line":191,"column":1}},"38":{"start":{"line":182,"column":4},"end":{"line":190,"column":5}},"39":{"start":{"line":193,"column":27},"end":{"line":199,"column":1}},"40":{"start":{"line":194,"column":4},"end":{"line":198,"column":5}},"41":{"start":{"line":196,"column":27},"end":{"line":196,"column":52}}},"fnMap":{"0":{"name":"(anonymous_0)","decl":{"start":{"line":9,"column":4},"end":{"line":9,"column":5}},"loc":{"start":{"line":9,"column":23},"end":{"line":29,"column":5}},"line":9},"1":{"name":"(anonymous_1)","decl":{"start":{"line":13,"column":49},"end":{"line":13,"column":50}},"loc":{"start":{"line":13,"column":58},"end":{"line":13,"column":88}},"line":13},"2":{"name":"(anonymous_2)","decl":{"start":{"line":31,"column":4},"end":{"line":31,"column":5}},"loc":{"start":{"line":31,"column":17},"end":{"line":40,"column":5}},"line":31},"3":{"name":"(anonymous_3)","decl":{"start":{"line":41,"column":4},"end":{"line":41,"column":5}},"loc":{"start":{"line":41,"column":19},"end":{"line":60,"column":5}},"line":41},"4":{"name":"(anonymous_4)","decl":{"start":{"line":61,"column":4},"end":{"line":61,"column":5}},"loc":{"start":{"line":61,"column":12},"end":{"line":178,"column":5}},"line":61},"5":{"name":"(anonymous_5)","decl":{"start":{"line":181,"column":24},"end":{"line":181,"column":25}},"loc":{"start":{"line":181,"column":35},"end":{"line":191,"column":1}},"line":181},"6":{"name":"(anonymous_6)","decl":{"start":{"line":193,"column":27},"end":{"line":193,"column":28}},"loc":{"start":{"line":193,"column":41},"end":{"line":199,"column":1}},"line":193},"7":{"name":"(anonymous_7)","decl":{"start":{"line":196,"column":18},"end":{"line":196,"column":19}},"loc":{"start":{"line":196,"column":27},"end":{"line":196,"column":52}},"line":196}},"branchMap":{"0":{"loc":{"start":{"line":14,"column":8},"end":{"line":18,"column":9}},"type":"if","locations":[{"start":{"line":14,"column":8},"end":{"line":18,"column":9}},{"start":{"line":14,"column":8},"end":{"line":18,"column":9}}],"line":14},"1":{"loc":{"start":{"line":49,"column":8},"end":{"line":49,"column":65}},"type":"if","locations":[{"start":{"line":49,"column":8},"end":{"line":49,"column":65}},{"start":{"line":49,"column":8},"end":{"line":49,"column":65}}],"line":49},"2":{"loc":{"start":{"line":50,"column":8},"end":{"line":50,"column":63}},"type":"if","locations":[{"start":{"line":50,"column":8},"end":{"line":50,"column":63}},{"start":{"line":50,"column":8},"end":{"line":50,"column":63}}],"line":50},"3":{"loc":{"start":{"line":51,"column":15},"end":{"line":51,"column":63}},"type":"cond-expr","locations":[{"start":{"line":51,"column":31},"end":{"line":51,"column":35}},{"start":{"line":51,"column":37},"end":{"line":51,"column":63}}],"line":51},"4":{"loc":{"start":{"line":52,"column":15},"end":{"line":52,"column":67}},"type":"cond-expr","locations":[{"start":{"line":52,"column":31},"end":{"line":52,"column":35}},{"start":{"line":52,"column":37},"end":{"line":52,"column":67}}],"line":52},"5":{"loc":{"start":{"line":53,"column":15},"end":{"line":53,"column":61}},"type":"cond-expr","locations":[{"start":{"line":53,"column":31},"end":{"line":53,"column":35}},{"start":{"line":53,"column":37},"end":{"line":53,"column":61}}],"line":53},"6":{"loc":{"start":{"line":62,"column":8},"end":{"line":68,"column":9}},"type":"if","locations":[{"start":{"line":62,"column":8},"end":{"line":68,"column":9}},{"start":{"line":62,"column":8},"end":{"line":68,"column":9}}],"line":62}},"s":{"0":1,"1":1,"2":1,"3":1,"4":0,"5":1,"6":0,"7":1,"8":1,"9":0,"10":0,"11":0,"12":0,"13":0,"14":0,"15":0,"16":0,"17":0,"18":0,"19":0,"20":0,"21":0,"22":0,"23":0,"24":0,"25":0,"26":0,"27":0,"28":0,"29":0,"30":0,"31":0,"32":0,"33":0,"34":1,"35":0,"36":1,"37":1,"38":1,"39":1,"40":1,"41":0},"f":{"0":1,"1":0,"2":0,"3":0,"4":1,"5":1,"6":1,"7":0},"b":{"0":[0,1],"1":[0,0],"2":[0,0],"3":[0,0],"4":[0,0],"5":[0,0],"6":[0,1]},"_coverageSchema":"43e27e138ebf9cfc5966b082cf9a028302ed4184","hash":"4814002069911f13a00c4acbaefc00de2f09d281"}
}
